{
  "stats": {
    "suites": 1,
    "tests": 3,
    "passes": 0,
    "pending": 0,
    "failures": 3,
    "start": "2021-05-27T22:59:38.515Z",
    "end": "2021-05-27T23:00:04.132Z",
    "duration": 25617,
    "testsRegistered": 3,
    "passPercent": 0,
    "pendingPercent": 0,
    "other": 0,
    "hasOther": false,
    "skipped": 0,
    "hasSkipped": false
  },
  "results": [
    {
      "uuid": "7657eda6-7abe-417b-810e-6fb70947bea5",
      "title": "",
      "fullFile": "cypress/integration/general.spec.js",
      "file": "cypress/integration/general.spec.js",
      "beforeHooks": [],
      "afterHooks": [],
      "tests": [],
      "suites": [
        {
          "uuid": "33b09d20-4d76-4ab0-9de9-d37fd6097208",
          "title": "General",
          "fullFile": "",
          "file": "",
          "beforeHooks": [],
          "afterHooks": [],
          "tests": [
            {
              "title": "EF: when there is a valid test followed by an invalid input, retains old result",
              "fullTitle": "General EF: when there is a valid test followed by an invalid input, retains old result",
              "timedOut": null,
              "duration": 12649,
              "state": "failed",
              "speed": null,
              "pass": false,
              "fail": true,
              "pending": false,
              "context": null,
              "code": "calcHomePg.Calculate(\"3\", \"+\", \"4\", \"7\");\ncalcHomePg.Calculate(\"0.5\", \"+\", \"0.5\", \"Decimal input is invalid! Please enter a whole number!\");",
              "err": {
                "message": "AssertionError: Timed out retrying after 10000ms: expected '<input.result>' to have value 'Decimal input is invalid! Please enter a whole number!', but the value was '7'",
                "estack": "AssertionError: Timed out retrying after 10000ms: expected '<input.result>' to have value 'Decimal input is invalid! Please enter a whole number!', but the value was '7'\n    at calcHomePage.checkResult (https://calculator-web.azurewebsites.net/__cypress/tests?p=cypress\\integration\\general.spec.js:160:20)\n    at calcHomePage.Calculate (https://calculator-web.azurewebsites.net/__cypress/tests?p=cypress\\integration\\general.spec.js:168:10)\n    at Context.eval (https://calculator-web.azurewebsites.net/__cypress/tests?p=cypress\\integration\\general.spec.js:110:16)",
                "diff": "- '7'\n+ 'Decimal input is invalid! Please enter a whole number!'\n"
              },
              "uuid": "4c99a8d3-75a0-48b6-b190-44270b16d191",
              "parentUUID": "33b09d20-4d76-4ab0-9de9-d37fd6097208",
              "isHook": false,
              "skipped": false
            },
            {
              "title": "EF: one input field is left blank",
              "fullTitle": "General EF: one input field is left blank",
              "timedOut": null,
              "duration": 1494,
              "state": "failed",
              "speed": null,
              "pass": false,
              "fail": true,
              "pending": false,
              "context": null,
              "code": "calcHomePg.Calculate(\"3\", \"+\", \"\", \"7\");",
              "err": {
                "message": "CypressError: `cy.type()` cannot accept an empty string. You need to actually type something.\n\nhttps://on.cypress.io/type",
                "estack": "CypressError: `cy.type()` cannot accept an empty string. You need to actually type something.\n\nhttps://on.cypress.io/type\n    at Context.type (https://calculator-web.azurewebsites.net/__cypress/runner/cypress_runner.js:134795:17)\n    at Context.<anonymous> (https://calculator-web.azurewebsites.net/__cypress/runner/cypress_runner.js:151669:21)\nFrom Your Spec Code:\n    at calcHomePage.inputRightNumber (https://calculator-web.azurewebsites.net/__cypress/tests?p=cypress\\integration\\general.spec.js:145:38)\n    at calcHomePage.Calculate (https://calculator-web.azurewebsites.net/__cypress/tests?p=cypress\\integration\\general.spec.js:166:10)\n    at Context.eval (https://calculator-web.azurewebsites.net/__cypress/tests?p=cypress\\integration\\general.spec.js:113:16)",
                "diff": null
              },
              "uuid": "23846861-22f4-47de-8b2d-404aba3ba454",
              "parentUUID": "33b09d20-4d76-4ab0-9de9-d37fd6097208",
              "isHook": false,
              "skipped": false
            },
            {
              "title": "EF: no regex to prevent input of invalid characters",
              "fullTitle": "General EF: no regex to prevent input of invalid characters",
              "timedOut": null,
              "duration": 11333,
              "state": "failed",
              "speed": null,
              "pass": false,
              "fail": true,
              "pending": false,
              "context": null,
              "code": "calcHomePg.Calculate(\"!@#\", \"+\", \"$%&\", \"Error: invalid characters!\");",
              "err": {
                "message": "AssertionError: Timed out retrying after 10000ms: expected '<input.result>' to have value 'Error: invalid characters!', but the value was ''",
                "estack": "AssertionError: Timed out retrying after 10000ms: expected '<input.result>' to have value 'Error: invalid characters!', but the value was ''\n    at calcHomePage.checkResult (https://calculator-web.azurewebsites.net/__cypress/tests?p=cypress\\integration\\general.spec.js:160:20)\n    at calcHomePage.Calculate (https://calculator-web.azurewebsites.net/__cypress/tests?p=cypress\\integration\\general.spec.js:168:10)\n    at Context.eval (https://calculator-web.azurewebsites.net/__cypress/tests?p=cypress\\integration\\general.spec.js:116:16)",
                "diff": "+ 'Error: invalid characters!'\n"
              },
              "uuid": "3a026d9d-deb3-45ca-98b3-3bc1889a7f20",
              "parentUUID": "33b09d20-4d76-4ab0-9de9-d37fd6097208",
              "isHook": false,
              "skipped": false
            }
          ],
          "suites": [],
          "passes": [],
          "failures": [
            "4c99a8d3-75a0-48b6-b190-44270b16d191",
            "23846861-22f4-47de-8b2d-404aba3ba454",
            "3a026d9d-deb3-45ca-98b3-3bc1889a7f20"
          ],
          "pending": [],
          "skipped": [],
          "duration": 25476,
          "root": false,
          "rootEmpty": false,
          "_timeout": 2000
        }
      ],
      "passes": [],
      "failures": [],
      "pending": [],
      "skipped": [],
      "duration": 0,
      "root": true,
      "rootEmpty": true,
      "_timeout": 2000
    }
  ],
  "meta": {
    "mocha": {
      "version": "7.0.1"
    },
    "mochawesome": {
      "options": {
        "quiet": false,
        "reportFilename": "mochawesome",
        "saveHtml": false,
        "saveJson": true,
        "consoleReporter": "spec",
        "useInlineDiffs": false,
        "code": true
      },
      "version": "6.2.2"
    },
    "marge": {
      "options": {
        "reportDir": "cypress/results",
        "overwrite": false,
        "html": false,
        "json": true
      },
      "version": "5.2.0"
    }
  }
}