{
  "stats": {
    "suites": 5,
    "tests": 53,
    "passes": 15,
    "pending": 0,
    "failures": 38,
    "start": "2021-05-27T22:55:04.594Z",
    "end": "2021-05-27T23:04:05.116Z",
    "duration": 451305,
    "testsRegistered": 53,
    "passPercent": 28.30188679245283,
    "pendingPercent": 0,
    "other": 0,
    "hasOther": false,
    "skipped": 0,
    "hasSkipped": false
  },
  "results": [
    {
      "uuid": "91fe9229-6b1c-4057-9f4c-b56b32a3265e",
      "title": "",
      "fullFile": "cypress/integration/divide.spec.js",
      "file": "cypress/integration/divide.spec.js",
      "beforeHooks": [],
      "afterHooks": [],
      "tests": [],
      "suites": [
        {
          "uuid": "f23ef1f9-1abd-4284-a297-465022d556a6",
          "title": "Division UI tests",
          "fullFile": "",
          "file": "",
          "beforeHooks": [],
          "afterHooks": [],
          "tests": [
            {
              "title": "Divide 2 positive integers with no remainder",
              "fullTitle": "Division UI tests Divide 2 positive integers with no remainder",
              "timedOut": null,
              "duration": 2252,
              "state": "passed",
              "speed": "slow",
              "pass": true,
              "fail": false,
              "pending": false,
              "context": null,
              "code": "calcHomePg.Calculate(\"99\", \"/\", \"11\", \"9\");",
              "err": {},
              "uuid": "9ca286e3-402f-4fec-8253-eab81256cf9e",
              "parentUUID": "f23ef1f9-1abd-4284-a297-465022d556a6",
              "isHook": false,
              "skipped": false
            },
            {
              "title": "Divide 2 negative integers with no remainder",
              "fullTitle": "Division UI tests Divide 2 negative integers with no remainder",
              "timedOut": null,
              "duration": 1188,
              "state": "passed",
              "speed": "slow",
              "pass": true,
              "fail": false,
              "pending": false,
              "context": null,
              "code": "calcHomePg.Calculate(\"-99\", \"/\", \"-11\", \"9\");",
              "err": {},
              "uuid": "8f8fb54e-be3b-4523-96f7-ce3289bcb1e3",
              "parentUUID": "f23ef1f9-1abd-4284-a297-465022d556a6",
              "isHook": false,
              "skipped": false
            },
            {
              "title": "EF: Divide 1 positive and 1 negative integer",
              "fullTitle": "Division UI tests EF: Divide 1 positive and 1 negative integer",
              "timedOut": null,
              "duration": 11352,
              "state": "failed",
              "speed": null,
              "pass": false,
              "fail": true,
              "pending": false,
              "context": null,
              "code": "calcHomePg.Calculate(\"-99\", \"/\", \"1\", \"-99\");",
              "err": {
                "message": "AssertionError: Timed out retrying after 10000ms: expected '<input.result>' to have value '-99', but the value was '99'",
                "estack": "AssertionError: Timed out retrying after 10000ms: expected '<input.result>' to have value '-99', but the value was '99'\n    at calcHomePage.checkResult (https://calculator-web.azurewebsites.net/__cypress/tests?p=cypress\\integration\\divide.spec.js:189:20)\n    at calcHomePage.Calculate (https://calculator-web.azurewebsites.net/__cypress/tests?p=cypress\\integration\\divide.spec.js:197:10)\n    at Context.eval (https://calculator-web.azurewebsites.net/__cypress/tests?p=cypress\\integration\\divide.spec.js:115:16)",
                "diff": "- '99'\n+ '-99'\n"
              },
              "uuid": "8ca72d36-2c73-456a-b09f-881bf15c04ce",
              "parentUUID": "f23ef1f9-1abd-4284-a297-465022d556a6",
              "isHook": false,
              "skipped": false
            },
            {
              "title": "EF: Divide a dividend lesser than a divisor",
              "fullTitle": "Division UI tests EF: Divide a dividend lesser than a divisor",
              "timedOut": null,
              "duration": 11519,
              "state": "failed",
              "speed": null,
              "pass": false,
              "fail": true,
              "pending": false,
              "context": null,
              "code": "calcHomePg.Calculate(\"6\", \"/\", \"5\", \"1.2\");",
              "err": {
                "message": "AssertionError: Timed out retrying after 10000ms: expected '<input.result>' to have value '1.2', but the value was '1'",
                "estack": "AssertionError: Timed out retrying after 10000ms: expected '<input.result>' to have value '1.2', but the value was '1'\n    at calcHomePage.checkResult (https://calculator-web.azurewebsites.net/__cypress/tests?p=cypress\\integration\\divide.spec.js:189:20)\n    at calcHomePage.Calculate (https://calculator-web.azurewebsites.net/__cypress/tests?p=cypress\\integration\\divide.spec.js:197:10)\n    at Context.eval (https://calculator-web.azurewebsites.net/__cypress/tests?p=cypress\\integration\\divide.spec.js:118:16)",
                "diff": "- '1'\n+ '1.2'\n"
              },
              "uuid": "e2fded08-4440-46d7-9821-2d9010c0a212",
              "parentUUID": "f23ef1f9-1abd-4284-a297-465022d556a6",
              "isHook": false,
              "skipped": false
            },
            {
              "title": "Divide 0 by an integer",
              "fullTitle": "Division UI tests Divide 0 by an integer",
              "timedOut": null,
              "duration": 1632,
              "state": "passed",
              "speed": "slow",
              "pass": true,
              "fail": false,
              "pending": false,
              "context": null,
              "code": "calcHomePg.Calculate(\"0\", \"/\", \"123\", \"0\");",
              "err": {},
              "uuid": "de0a96fa-6c79-439f-b466-9b4fff744176",
              "parentUUID": "f23ef1f9-1abd-4284-a297-465022d556a6",
              "isHook": false,
              "skipped": false
            },
            {
              "title": "EF: Divide an integer by zero",
              "fullTitle": "Division UI tests EF: Divide an integer by zero",
              "timedOut": null,
              "duration": 11229,
              "state": "failed",
              "speed": null,
              "pass": false,
              "fail": true,
              "pending": false,
              "context": null,
              "code": "calcHomePg.Calculate(\"123\", \"/\", \"0\", \"undefined\");",
              "err": {
                "message": "AssertionError: Timed out retrying after 10000ms: expected '<input.result>' to have value 'undefined', but the value was '0'",
                "estack": "AssertionError: Timed out retrying after 10000ms: expected '<input.result>' to have value 'undefined', but the value was '0'\n    at calcHomePage.checkResult (https://calculator-web.azurewebsites.net/__cypress/tests?p=cypress\\integration\\divide.spec.js:189:20)\n    at calcHomePage.Calculate (https://calculator-web.azurewebsites.net/__cypress/tests?p=cypress\\integration\\divide.spec.js:197:10)\n    at Context.eval (https://calculator-web.azurewebsites.net/__cypress/tests?p=cypress\\integration\\divide.spec.js:124:16)",
                "diff": "- '0'\n+ 'undefined'\n"
              },
              "uuid": "6ddf6e96-1b9b-443a-9c93-b994ec4a4874",
              "parentUUID": "f23ef1f9-1abd-4284-a297-465022d556a6",
              "isHook": false,
              "skipped": false
            },
            {
              "title": "EF: Divide 2 fractions",
              "fullTitle": "Division UI tests EF: Divide 2 fractions",
              "timedOut": null,
              "duration": 11619,
              "state": "failed",
              "speed": null,
              "pass": false,
              "fail": true,
              "pending": false,
              "context": null,
              "code": "calcHomePg.Calculate(\"3/4\", \"/\", \"1/2\", \"3/2\");",
              "err": {
                "message": "AssertionError: Timed out retrying after 10000ms: expected '<input.result>' to have value '3/2', but the value was ''",
                "estack": "AssertionError: Timed out retrying after 10000ms: expected '<input.result>' to have value '3/2', but the value was ''\n    at calcHomePage.checkResult (https://calculator-web.azurewebsites.net/__cypress/tests?p=cypress\\integration\\divide.spec.js:189:20)\n    at calcHomePage.Calculate (https://calculator-web.azurewebsites.net/__cypress/tests?p=cypress\\integration\\divide.spec.js:197:10)\n    at Context.eval (https://calculator-web.azurewebsites.net/__cypress/tests?p=cypress\\integration\\divide.spec.js:127:16)",
                "diff": "+ '3/2'\n"
              },
              "uuid": "ae603216-f4f6-462e-a8bc-69533763f031",
              "parentUUID": "f23ef1f9-1abd-4284-a297-465022d556a6",
              "isHook": false,
              "skipped": false
            },
            {
              "title": "EF: Divide 2 decimals",
              "fullTitle": "Division UI tests EF: Divide 2 decimals",
              "timedOut": null,
              "duration": 11298,
              "state": "failed",
              "speed": null,
              "pass": false,
              "fail": true,
              "pending": false,
              "context": null,
              "code": "calcHomePg.Calculate(\"1.5\", \"/\", \"0.5\", \"3\");",
              "err": {
                "message": "AssertionError: Timed out retrying after 10000ms: expected '<input.result>' to have value '3', but the value was ''",
                "estack": "AssertionError: Timed out retrying after 10000ms: expected '<input.result>' to have value '3', but the value was ''\n    at calcHomePage.checkResult (https://calculator-web.azurewebsites.net/__cypress/tests?p=cypress\\integration\\divide.spec.js:189:20)\n    at calcHomePage.Calculate (https://calculator-web.azurewebsites.net/__cypress/tests?p=cypress\\integration\\divide.spec.js:197:10)\n    at Context.eval (https://calculator-web.azurewebsites.net/__cypress/tests?p=cypress\\integration\\divide.spec.js:130:16)",
                "diff": "+ '3'\n"
              },
              "uuid": "704c30b7-7ec3-46c9-963a-a73c6f6047ce",
              "parentUUID": "f23ef1f9-1abd-4284-a297-465022d556a6",
              "isHook": false,
              "skipped": false
            },
            {
              "title": "Divide integers each 3 digits long(max input)",
              "fullTitle": "Division UI tests Divide integers each 3 digits long(max input)",
              "timedOut": null,
              "duration": 1270,
              "state": "passed",
              "speed": "slow",
              "pass": true,
              "fail": false,
              "pending": false,
              "context": null,
              "code": "calcHomePg.Calculate(\"999\", \"/\", \"999\", \"1\");",
              "err": {},
              "uuid": "8f15b4bd-aa3d-4b2e-b372-87e4f7ed02fe",
              "parentUUID": "f23ef1f9-1abd-4284-a297-465022d556a6",
              "isHook": false,
              "skipped": false
            },
            {
              "title": "EF: Divide 2 exponents",
              "fullTitle": "Division UI tests EF: Divide 2 exponents",
              "timedOut": null,
              "duration": 11352,
              "state": "failed",
              "speed": null,
              "pass": false,
              "fail": true,
              "pending": false,
              "context": null,
              "code": "calcHomePg.Calculate(\"2^4\", \"/\", \"2^3\", \"2\");",
              "err": {
                "message": "AssertionError: Timed out retrying after 10000ms: expected '<input.result>' to have value '2', but the value was ''",
                "estack": "AssertionError: Timed out retrying after 10000ms: expected '<input.result>' to have value '2', but the value was ''\n    at calcHomePage.checkResult (https://calculator-web.azurewebsites.net/__cypress/tests?p=cypress\\integration\\divide.spec.js:189:20)\n    at calcHomePage.Calculate (https://calculator-web.azurewebsites.net/__cypress/tests?p=cypress\\integration\\divide.spec.js:197:10)\n    at Context.eval (https://calculator-web.azurewebsites.net/__cypress/tests?p=cypress\\integration\\divide.spec.js:136:16)",
                "diff": "+ '2'\n"
              },
              "uuid": "35761409-be34-4d15-92eb-4d76a3a20fc0",
              "parentUUID": "f23ef1f9-1abd-4284-a297-465022d556a6",
              "isHook": false,
              "skipped": false
            },
            {
              "title": "EF: Divide 2 complex numbers",
              "fullTitle": "Division UI tests EF: Divide 2 complex numbers",
              "timedOut": null,
              "duration": 11253,
              "state": "failed",
              "speed": null,
              "pass": false,
              "fail": true,
              "pending": false,
              "context": null,
              "code": "calcHomePg.Calculate(\"6i\", \"/\", \"2\", \"3i\");",
              "err": {
                "message": "AssertionError: Timed out retrying after 10000ms: expected '<input.result>' to have value '3i', but the value was ''",
                "estack": "AssertionError: Timed out retrying after 10000ms: expected '<input.result>' to have value '3i', but the value was ''\n    at calcHomePage.checkResult (https://calculator-web.azurewebsites.net/__cypress/tests?p=cypress\\integration\\divide.spec.js:189:20)\n    at calcHomePage.Calculate (https://calculator-web.azurewebsites.net/__cypress/tests?p=cypress\\integration\\divide.spec.js:197:10)\n    at Context.eval (https://calculator-web.azurewebsites.net/__cypress/tests?p=cypress\\integration\\divide.spec.js:139:16)",
                "diff": "+ '3i'\n"
              },
              "uuid": "2e2c26f2-6e77-4f45-b9e6-254f503760eb",
              "parentUUID": "f23ef1f9-1abd-4284-a297-465022d556a6",
              "isHook": false,
              "skipped": false
            },
            {
              "title": "EF: Divide 2 irrational numbers",
              "fullTitle": "Division UI tests EF: Divide 2 irrational numbers",
              "timedOut": null,
              "duration": 11558,
              "state": "failed",
              "speed": null,
              "pass": false,
              "fail": true,
              "pending": false,
              "context": null,
              "code": "calcHomePg.Calculate(\"e\", \"/\", \"π\", \"0.86525597943\");",
              "err": {
                "message": "AssertionError: Timed out retrying after 10000ms: expected '<input.result>' to have value '0.86525597943', but the value was ''",
                "estack": "AssertionError: Timed out retrying after 10000ms: expected '<input.result>' to have value '0.86525597943', but the value was ''\n    at calcHomePage.checkResult (https://calculator-web.azurewebsites.net/__cypress/tests?p=cypress\\integration\\divide.spec.js:189:20)\n    at calcHomePage.Calculate (https://calculator-web.azurewebsites.net/__cypress/tests?p=cypress\\integration\\divide.spec.js:197:10)\n    at Context.eval (https://calculator-web.azurewebsites.net/__cypress/tests?p=cypress\\integration\\divide.spec.js:142:16)",
                "diff": "+ '0.86525597943'\n"
              },
              "uuid": "49eb86f4-bbe5-49ef-9faa-72edba4deca4",
              "parentUUID": "f23ef1f9-1abd-4284-a297-465022d556a6",
              "isHook": false,
              "skipped": false
            },
            {
              "title": "EF: Divide 2 algebraic expressions",
              "fullTitle": "Division UI tests EF: Divide 2 algebraic expressions",
              "timedOut": null,
              "duration": 11275,
              "state": "failed",
              "speed": null,
              "pass": false,
              "fail": true,
              "pending": false,
              "context": null,
              "code": "calcHomePg.Calculate(\"2x\", \"/\", \"x\", \"2\");",
              "err": {
                "message": "AssertionError: Timed out retrying after 10000ms: expected '<input.result>' to have value '2', but the value was ''",
                "estack": "AssertionError: Timed out retrying after 10000ms: expected '<input.result>' to have value '2', but the value was ''\n    at calcHomePage.checkResult (https://calculator-web.azurewebsites.net/__cypress/tests?p=cypress\\integration\\divide.spec.js:189:20)\n    at calcHomePage.Calculate (https://calculator-web.azurewebsites.net/__cypress/tests?p=cypress\\integration\\divide.spec.js:197:10)\n    at Context.eval (https://calculator-web.azurewebsites.net/__cypress/tests?p=cypress\\integration\\divide.spec.js:145:16)",
                "diff": "+ '2'\n"
              },
              "uuid": "dd66ba5c-7fea-4855-9652-c38fcde24f02",
              "parentUUID": "f23ef1f9-1abd-4284-a297-465022d556a6",
              "isHook": false,
              "skipped": false
            }
          ],
          "suites": [],
          "passes": [
            "9ca286e3-402f-4fec-8253-eab81256cf9e",
            "8f8fb54e-be3b-4523-96f7-ce3289bcb1e3",
            "de0a96fa-6c79-439f-b466-9b4fff744176",
            "8f15b4bd-aa3d-4b2e-b372-87e4f7ed02fe"
          ],
          "failures": [
            "8ca72d36-2c73-456a-b09f-881bf15c04ce",
            "e2fded08-4440-46d7-9821-2d9010c0a212",
            "6ddf6e96-1b9b-443a-9c93-b994ec4a4874",
            "ae603216-f4f6-462e-a8bc-69533763f031",
            "704c30b7-7ec3-46c9-963a-a73c6f6047ce",
            "35761409-be34-4d15-92eb-4d76a3a20fc0",
            "2e2c26f2-6e77-4f45-b9e6-254f503760eb",
            "49eb86f4-bbe5-49ef-9faa-72edba4deca4",
            "dd66ba5c-7fea-4855-9652-c38fcde24f02"
          ],
          "pending": [],
          "skipped": [],
          "duration": 108797,
          "root": false,
          "rootEmpty": false,
          "_timeout": 2000
        }
      ],
      "passes": [],
      "failures": [],
      "pending": [],
      "skipped": [],
      "duration": 0,
      "root": true,
      "rootEmpty": true,
      "_timeout": 2000
    },
    {
      "uuid": "7657eda6-7abe-417b-810e-6fb70947bea5",
      "title": "",
      "fullFile": "cypress/integration/general.spec.js",
      "file": "cypress/integration/general.spec.js",
      "beforeHooks": [],
      "afterHooks": [],
      "tests": [],
      "suites": [
        {
          "uuid": "33b09d20-4d76-4ab0-9de9-d37fd6097208",
          "title": "General",
          "fullFile": "",
          "file": "",
          "beforeHooks": [],
          "afterHooks": [],
          "tests": [
            {
              "title": "EF: when there is a valid test followed by an invalid input, retains old result",
              "fullTitle": "General EF: when there is a valid test followed by an invalid input, retains old result",
              "timedOut": null,
              "duration": 12649,
              "state": "failed",
              "speed": null,
              "pass": false,
              "fail": true,
              "pending": false,
              "context": null,
              "code": "calcHomePg.Calculate(\"3\", \"+\", \"4\", \"7\");\ncalcHomePg.Calculate(\"0.5\", \"+\", \"0.5\", \"Decimal input is invalid! Please enter a whole number!\");",
              "err": {
                "message": "AssertionError: Timed out retrying after 10000ms: expected '<input.result>' to have value 'Decimal input is invalid! Please enter a whole number!', but the value was '7'",
                "estack": "AssertionError: Timed out retrying after 10000ms: expected '<input.result>' to have value 'Decimal input is invalid! Please enter a whole number!', but the value was '7'\n    at calcHomePage.checkResult (https://calculator-web.azurewebsites.net/__cypress/tests?p=cypress\\integration\\general.spec.js:160:20)\n    at calcHomePage.Calculate (https://calculator-web.azurewebsites.net/__cypress/tests?p=cypress\\integration\\general.spec.js:168:10)\n    at Context.eval (https://calculator-web.azurewebsites.net/__cypress/tests?p=cypress\\integration\\general.spec.js:110:16)",
                "diff": "- '7'\n+ 'Decimal input is invalid! Please enter a whole number!'\n"
              },
              "uuid": "4c99a8d3-75a0-48b6-b190-44270b16d191",
              "parentUUID": "33b09d20-4d76-4ab0-9de9-d37fd6097208",
              "isHook": false,
              "skipped": false
            },
            {
              "title": "EF: one input field is left blank",
              "fullTitle": "General EF: one input field is left blank",
              "timedOut": null,
              "duration": 1494,
              "state": "failed",
              "speed": null,
              "pass": false,
              "fail": true,
              "pending": false,
              "context": null,
              "code": "calcHomePg.Calculate(\"3\", \"+\", \"\", \"7\");",
              "err": {
                "message": "CypressError: `cy.type()` cannot accept an empty string. You need to actually type something.\n\nhttps://on.cypress.io/type",
                "estack": "CypressError: `cy.type()` cannot accept an empty string. You need to actually type something.\n\nhttps://on.cypress.io/type\n    at Context.type (https://calculator-web.azurewebsites.net/__cypress/runner/cypress_runner.js:134795:17)\n    at Context.<anonymous> (https://calculator-web.azurewebsites.net/__cypress/runner/cypress_runner.js:151669:21)\nFrom Your Spec Code:\n    at calcHomePage.inputRightNumber (https://calculator-web.azurewebsites.net/__cypress/tests?p=cypress\\integration\\general.spec.js:145:38)\n    at calcHomePage.Calculate (https://calculator-web.azurewebsites.net/__cypress/tests?p=cypress\\integration\\general.spec.js:166:10)\n    at Context.eval (https://calculator-web.azurewebsites.net/__cypress/tests?p=cypress\\integration\\general.spec.js:113:16)",
                "diff": null
              },
              "uuid": "23846861-22f4-47de-8b2d-404aba3ba454",
              "parentUUID": "33b09d20-4d76-4ab0-9de9-d37fd6097208",
              "isHook": false,
              "skipped": false
            },
            {
              "title": "EF: no regex to prevent input of invalid characters",
              "fullTitle": "General EF: no regex to prevent input of invalid characters",
              "timedOut": null,
              "duration": 11333,
              "state": "failed",
              "speed": null,
              "pass": false,
              "fail": true,
              "pending": false,
              "context": null,
              "code": "calcHomePg.Calculate(\"!@#\", \"+\", \"$%&\", \"Error: invalid characters!\");",
              "err": {
                "message": "AssertionError: Timed out retrying after 10000ms: expected '<input.result>' to have value 'Error: invalid characters!', but the value was ''",
                "estack": "AssertionError: Timed out retrying after 10000ms: expected '<input.result>' to have value 'Error: invalid characters!', but the value was ''\n    at calcHomePage.checkResult (https://calculator-web.azurewebsites.net/__cypress/tests?p=cypress\\integration\\general.spec.js:160:20)\n    at calcHomePage.Calculate (https://calculator-web.azurewebsites.net/__cypress/tests?p=cypress\\integration\\general.spec.js:168:10)\n    at Context.eval (https://calculator-web.azurewebsites.net/__cypress/tests?p=cypress\\integration\\general.spec.js:116:16)",
                "diff": "+ 'Error: invalid characters!'\n"
              },
              "uuid": "3a026d9d-deb3-45ca-98b3-3bc1889a7f20",
              "parentUUID": "33b09d20-4d76-4ab0-9de9-d37fd6097208",
              "isHook": false,
              "skipped": false
            }
          ],
          "suites": [],
          "passes": [],
          "failures": [
            "4c99a8d3-75a0-48b6-b190-44270b16d191",
            "23846861-22f4-47de-8b2d-404aba3ba454",
            "3a026d9d-deb3-45ca-98b3-3bc1889a7f20"
          ],
          "pending": [],
          "skipped": [],
          "duration": 25476,
          "root": false,
          "rootEmpty": false,
          "_timeout": 2000
        }
      ],
      "passes": [],
      "failures": [],
      "pending": [],
      "skipped": [],
      "duration": 0,
      "root": true,
      "rootEmpty": true,
      "_timeout": 2000
    },
    {
      "uuid": "5b7d4ea0-294d-442a-a789-723d0aa89bbb",
      "title": "",
      "fullFile": "cypress/integration/multiply.spec.js",
      "file": "cypress/integration/multiply.spec.js",
      "beforeHooks": [],
      "afterHooks": [],
      "tests": [],
      "suites": [
        {
          "uuid": "6d827d44-14bb-4ed8-967f-26c2794a95ee",
          "title": "Multiplication UI tests",
          "fullFile": "",
          "file": "",
          "beforeHooks": [],
          "afterHooks": [],
          "tests": [
            {
              "title": "Multiply 2 positive integers",
              "fullTitle": "Multiplication UI tests Multiply 2 positive integers",
              "timedOut": null,
              "duration": 2181,
              "state": "passed",
              "speed": "slow",
              "pass": true,
              "fail": false,
              "pending": false,
              "context": null,
              "code": "calcHomePg.Calculate(\"1\", \"*\", \"2\", \"2\");",
              "err": {},
              "uuid": "117267a8-1a51-4506-ac39-a680df83535e",
              "parentUUID": "6d827d44-14bb-4ed8-967f-26c2794a95ee",
              "isHook": false,
              "skipped": false
            },
            {
              "title": "Multiply 2 negative integers",
              "fullTitle": "Multiplication UI tests Multiply 2 negative integers",
              "timedOut": null,
              "duration": 1420,
              "state": "passed",
              "speed": "slow",
              "pass": true,
              "fail": false,
              "pending": false,
              "context": null,
              "code": "calcHomePg.Calculate(\"-34\", \"*\", \"-58\", \"1972\");",
              "err": {},
              "uuid": "82d3ca47-e1c8-4d6f-b293-c14797c84848",
              "parentUUID": "6d827d44-14bb-4ed8-967f-26c2794a95ee",
              "isHook": false,
              "skipped": false
            },
            {
              "title": "EF: Multiply 1 positive and 1 negative integer",
              "fullTitle": "Multiplication UI tests EF: Multiply 1 positive and 1 negative integer",
              "timedOut": null,
              "duration": 11292,
              "state": "failed",
              "speed": null,
              "pass": false,
              "fail": true,
              "pending": false,
              "context": null,
              "code": "calcHomePg.Calculate(\"99\", \"*\", \"-1\", \"-99\");",
              "err": {
                "message": "AssertionError: Timed out retrying after 10000ms: expected '<input.result>' to have value '-99', but the value was '99'",
                "estack": "AssertionError: Timed out retrying after 10000ms: expected '<input.result>' to have value '-99', but the value was '99'\n    at calcHomePage.checkResult (https://calculator-web.azurewebsites.net/__cypress/tests?p=cypress\\integration\\multiply.spec.js:186:20)\n    at calcHomePage.Calculate (https://calculator-web.azurewebsites.net/__cypress/tests?p=cypress\\integration\\multiply.spec.js:194:10)\n    at Context.eval (https://calculator-web.azurewebsites.net/__cypress/tests?p=cypress\\integration\\multiply.spec.js:115:16)",
                "diff": "- '99'\n+ '-99'\n"
              },
              "uuid": "50574a55-77e5-44e1-9dba-a99f682d7aee",
              "parentUUID": "6d827d44-14bb-4ed8-967f-26c2794a95ee",
              "isHook": false,
              "skipped": false
            },
            {
              "title": "Multiply 1 positive integer and 0",
              "fullTitle": "Multiplication UI tests Multiply 1 positive integer and 0",
              "timedOut": null,
              "duration": 2909,
              "state": "passed",
              "speed": "slow",
              "pass": true,
              "fail": false,
              "pending": false,
              "context": null,
              "code": "calcHomePg.Calculate(\"0\", \"*\", \"123\", \"0\");",
              "err": {},
              "uuid": "a27f717c-9e52-454c-a47c-3062cd1dd7a6",
              "parentUUID": "6d827d44-14bb-4ed8-967f-26c2794a95ee",
              "isHook": false,
              "skipped": false
            },
            {
              "title": "Multiply 1 negative integer and 0",
              "fullTitle": "Multiplication UI tests Multiply 1 negative integer and 0",
              "timedOut": null,
              "duration": 1202,
              "state": "passed",
              "speed": "slow",
              "pass": true,
              "fail": false,
              "pending": false,
              "context": null,
              "code": "calcHomePg.Calculate(\"0\", \"*\", \"-89\", \"0\");",
              "err": {},
              "uuid": "73257f0b-b9aa-4bcd-b964-3fbbb8a3e27e",
              "parentUUID": "6d827d44-14bb-4ed8-967f-26c2794a95ee",
              "isHook": false,
              "skipped": false
            },
            {
              "title": "EF: Multiply 2 fractions",
              "fullTitle": "Multiplication UI tests EF: Multiply 2 fractions",
              "timedOut": null,
              "duration": 11221,
              "state": "failed",
              "speed": null,
              "pass": false,
              "fail": true,
              "pending": false,
              "context": null,
              "code": "calcHomePg.Calculate(\"3/4\", \"*\", \"1/2\", \"3/8\");",
              "err": {
                "message": "AssertionError: Timed out retrying after 10000ms: expected '<input.result>' to have value '3/8', but the value was ''",
                "estack": "AssertionError: Timed out retrying after 10000ms: expected '<input.result>' to have value '3/8', but the value was ''\n    at calcHomePage.checkResult (https://calculator-web.azurewebsites.net/__cypress/tests?p=cypress\\integration\\multiply.spec.js:186:20)\n    at calcHomePage.Calculate (https://calculator-web.azurewebsites.net/__cypress/tests?p=cypress\\integration\\multiply.spec.js:194:10)\n    at Context.eval (https://calculator-web.azurewebsites.net/__cypress/tests?p=cypress\\integration\\multiply.spec.js:124:16)",
                "diff": "+ '3/8'\n"
              },
              "uuid": "7b182ddd-943f-4008-b47c-bc38babfc82d",
              "parentUUID": "6d827d44-14bb-4ed8-967f-26c2794a95ee",
              "isHook": false,
              "skipped": false
            },
            {
              "title": "EF: Multiply 2 decimals",
              "fullTitle": "Multiplication UI tests EF: Multiply 2 decimals",
              "timedOut": null,
              "duration": 11373,
              "state": "failed",
              "speed": null,
              "pass": false,
              "fail": true,
              "pending": false,
              "context": null,
              "code": "calcHomePg.Calculate(\"1.52\", \"*\", \"3.67\", \"5.5784\");",
              "err": {
                "message": "AssertionError: Timed out retrying after 10000ms: expected '<input.result>' to have value '5.5784', but the value was ''",
                "estack": "AssertionError: Timed out retrying after 10000ms: expected '<input.result>' to have value '5.5784', but the value was ''\n    at calcHomePage.checkResult (https://calculator-web.azurewebsites.net/__cypress/tests?p=cypress\\integration\\multiply.spec.js:186:20)\n    at calcHomePage.Calculate (https://calculator-web.azurewebsites.net/__cypress/tests?p=cypress\\integration\\multiply.spec.js:194:10)\n    at Context.eval (https://calculator-web.azurewebsites.net/__cypress/tests?p=cypress\\integration\\multiply.spec.js:127:16)",
                "diff": "+ '5.5784'\n"
              },
              "uuid": "549dd592-9d87-4131-aeef-945a02e0e9c6",
              "parentUUID": "6d827d44-14bb-4ed8-967f-26c2794a95ee",
              "isHook": false,
              "skipped": false
            },
            {
              "title": "EF: Multiply integers each 3 digits long(max input)",
              "fullTitle": "Multiplication UI tests EF: Multiply integers each 3 digits long(max input)",
              "timedOut": null,
              "duration": 11683,
              "state": "failed",
              "speed": null,
              "pass": false,
              "fail": true,
              "pending": false,
              "context": null,
              "code": "calcHomePg.Calculate(\"999\", \"*\", \"999\", \"998001\");",
              "err": {
                "message": "AssertionError: Timed out retrying after 10000ms: expected '<input.result>' to have value '998001', but the value was '99800'",
                "estack": "AssertionError: Timed out retrying after 10000ms: expected '<input.result>' to have value '998001', but the value was '99800'\n    at calcHomePage.checkResult (https://calculator-web.azurewebsites.net/__cypress/tests?p=cypress\\integration\\multiply.spec.js:186:20)\n    at calcHomePage.Calculate (https://calculator-web.azurewebsites.net/__cypress/tests?p=cypress\\integration\\multiply.spec.js:194:10)\n    at Context.eval (https://calculator-web.azurewebsites.net/__cypress/tests?p=cypress\\integration\\multiply.spec.js:130:16)",
                "diff": "- '99800'\n+ '998001'\n"
              },
              "uuid": "67c067bd-8c16-4d7d-a978-f9a8a2cc3525",
              "parentUUID": "6d827d44-14bb-4ed8-967f-26c2794a95ee",
              "isHook": false,
              "skipped": false
            },
            {
              "title": "EF: Multiply 2 exponents",
              "fullTitle": "Multiplication UI tests EF: Multiply 2 exponents",
              "timedOut": null,
              "duration": 11307,
              "state": "failed",
              "speed": null,
              "pass": false,
              "fail": true,
              "pending": false,
              "context": null,
              "code": "calcHomePg.Calculate(\"2^3\", \"*\", \"2^4\", \"128\");",
              "err": {
                "message": "AssertionError: Timed out retrying after 10000ms: expected '<input.result>' to have value '128', but the value was ''",
                "estack": "AssertionError: Timed out retrying after 10000ms: expected '<input.result>' to have value '128', but the value was ''\n    at calcHomePage.checkResult (https://calculator-web.azurewebsites.net/__cypress/tests?p=cypress\\integration\\multiply.spec.js:186:20)\n    at calcHomePage.Calculate (https://calculator-web.azurewebsites.net/__cypress/tests?p=cypress\\integration\\multiply.spec.js:194:10)\n    at Context.eval (https://calculator-web.azurewebsites.net/__cypress/tests?p=cypress\\integration\\multiply.spec.js:133:16)",
                "diff": "+ '128'\n"
              },
              "uuid": "26be81fa-3c47-4f98-8ab5-52e49d43bca7",
              "parentUUID": "6d827d44-14bb-4ed8-967f-26c2794a95ee",
              "isHook": false,
              "skipped": false
            },
            {
              "title": "EF: Multiply 2 complex numbers",
              "fullTitle": "Multiplication UI tests EF: Multiply 2 complex numbers",
              "timedOut": null,
              "duration": 11558,
              "state": "failed",
              "speed": null,
              "pass": false,
              "fail": true,
              "pending": false,
              "context": null,
              "code": "calcHomePg.Calculate(\"3i\", \"*\", \"7\", \"21i\");",
              "err": {
                "message": "AssertionError: Timed out retrying after 10000ms: expected '<input.result>' to have value '21i', but the value was ''",
                "estack": "AssertionError: Timed out retrying after 10000ms: expected '<input.result>' to have value '21i', but the value was ''\n    at calcHomePage.checkResult (https://calculator-web.azurewebsites.net/__cypress/tests?p=cypress\\integration\\multiply.spec.js:186:20)\n    at calcHomePage.Calculate (https://calculator-web.azurewebsites.net/__cypress/tests?p=cypress\\integration\\multiply.spec.js:194:10)\n    at Context.eval (https://calculator-web.azurewebsites.net/__cypress/tests?p=cypress\\integration\\multiply.spec.js:136:16)",
                "diff": "+ '21i'\n"
              },
              "uuid": "7e8f9f27-7931-4878-b3b2-e5eb9bdb0835",
              "parentUUID": "6d827d44-14bb-4ed8-967f-26c2794a95ee",
              "isHook": false,
              "skipped": false
            },
            {
              "title": "EF: Multiply 2 irrational numbers",
              "fullTitle": "Multiplication UI tests EF: Multiply 2 irrational numbers",
              "timedOut": null,
              "duration": 11247,
              "state": "failed",
              "speed": null,
              "pass": false,
              "fail": true,
              "pending": false,
              "context": null,
              "code": "calcHomePg.Calculate(\"e\", \"*\", \"π\", \"8.53973422267\");",
              "err": {
                "message": "AssertionError: Timed out retrying after 10000ms: expected '<input.result>' to have value '8.53973422267', but the value was ''",
                "estack": "AssertionError: Timed out retrying after 10000ms: expected '<input.result>' to have value '8.53973422267', but the value was ''\n    at calcHomePage.checkResult (https://calculator-web.azurewebsites.net/__cypress/tests?p=cypress\\integration\\multiply.spec.js:186:20)\n    at calcHomePage.Calculate (https://calculator-web.azurewebsites.net/__cypress/tests?p=cypress\\integration\\multiply.spec.js:194:10)\n    at Context.eval (https://calculator-web.azurewebsites.net/__cypress/tests?p=cypress\\integration\\multiply.spec.js:139:16)",
                "diff": "+ '8.53973422267'\n"
              },
              "uuid": "05a43616-8103-4082-a1be-c918f5039179",
              "parentUUID": "6d827d44-14bb-4ed8-967f-26c2794a95ee",
              "isHook": false,
              "skipped": false
            },
            {
              "title": "EF: Multiply 2 algebraic expressions",
              "fullTitle": "Multiplication UI tests EF: Multiply 2 algebraic expressions",
              "timedOut": null,
              "duration": 11569,
              "state": "failed",
              "speed": null,
              "pass": false,
              "fail": true,
              "pending": false,
              "context": null,
              "code": "calcHomePg.Calculate(\"x\", \"*\", \"x\", \"x^2\");",
              "err": {
                "message": "AssertionError: Timed out retrying after 10000ms: expected '<input.result>' to have value 'x^2', but the value was ''",
                "estack": "AssertionError: Timed out retrying after 10000ms: expected '<input.result>' to have value 'x^2', but the value was ''\n    at calcHomePage.checkResult (https://calculator-web.azurewebsites.net/__cypress/tests?p=cypress\\integration\\multiply.spec.js:186:20)\n    at calcHomePage.Calculate (https://calculator-web.azurewebsites.net/__cypress/tests?p=cypress\\integration\\multiply.spec.js:194:10)\n    at Context.eval (https://calculator-web.azurewebsites.net/__cypress/tests?p=cypress\\integration\\multiply.spec.js:142:16)",
                "diff": "+ 'x^2'\n"
              },
              "uuid": "c13523ef-1c9f-4ae1-b63c-47d12a985dd4",
              "parentUUID": "6d827d44-14bb-4ed8-967f-26c2794a95ee",
              "isHook": false,
              "skipped": false
            }
          ],
          "suites": [],
          "passes": [
            "117267a8-1a51-4506-ac39-a680df83535e",
            "82d3ca47-e1c8-4d6f-b293-c14797c84848",
            "a27f717c-9e52-454c-a47c-3062cd1dd7a6",
            "73257f0b-b9aa-4bcd-b964-3fbbb8a3e27e"
          ],
          "failures": [
            "50574a55-77e5-44e1-9dba-a99f682d7aee",
            "7b182ddd-943f-4008-b47c-bc38babfc82d",
            "549dd592-9d87-4131-aeef-945a02e0e9c6",
            "67c067bd-8c16-4d7d-a978-f9a8a2cc3525",
            "26be81fa-3c47-4f98-8ab5-52e49d43bca7",
            "7e8f9f27-7931-4878-b3b2-e5eb9bdb0835",
            "05a43616-8103-4082-a1be-c918f5039179",
            "c13523ef-1c9f-4ae1-b63c-47d12a985dd4"
          ],
          "pending": [],
          "skipped": [],
          "duration": 98962,
          "root": false,
          "rootEmpty": false,
          "_timeout": 2000
        }
      ],
      "passes": [],
      "failures": [],
      "pending": [],
      "skipped": [],
      "duration": 0,
      "root": true,
      "rootEmpty": true,
      "_timeout": 2000
    },
    {
      "uuid": "d452708e-8eca-430c-b1c5-ace9076517b7",
      "title": "",
      "fullFile": "cypress/integration/subtract.spec.js",
      "file": "cypress/integration/subtract.spec.js",
      "beforeHooks": [],
      "afterHooks": [],
      "tests": [],
      "suites": [
        {
          "uuid": "c0e5c00a-ad98-468d-b726-ef22fa02e49b",
          "title": "Subtraction",
          "fullFile": "",
          "file": "",
          "beforeHooks": [],
          "afterHooks": [],
          "tests": [
            {
              "title": "Subtract 2 positive integers",
              "fullTitle": "Subtraction Subtract 2 positive integers",
              "timedOut": null,
              "duration": 1639,
              "state": "passed",
              "speed": "slow",
              "pass": true,
              "fail": false,
              "pending": false,
              "context": null,
              "code": "calcHomePg.Calculate(\"1\", \"-\", \"2\", \"-1\");",
              "err": {},
              "uuid": "481c18da-166b-42cf-b634-5b9d36e62afd",
              "parentUUID": "c0e5c00a-ad98-468d-b726-ef22fa02e49b",
              "isHook": false,
              "skipped": false
            },
            {
              "title": "EF: Subtract 2 negative integers",
              "fullTitle": "Subtraction EF: Subtract 2 negative integers",
              "timedOut": null,
              "duration": 11233,
              "state": "failed",
              "speed": null,
              "pass": false,
              "fail": true,
              "pending": false,
              "context": null,
              "code": "calcHomePg.Calculate(\"-34\", \"-\", \"-58\", \"24\");",
              "err": {
                "message": "AssertionError: Timed out retrying after 10000ms: expected '<input.result>' to have value '24', but the value was '-24'",
                "estack": "AssertionError: Timed out retrying after 10000ms: expected '<input.result>' to have value '24', but the value was '-24'\n    at calcHomePage.checkResult (https://calculator-web.azurewebsites.net/__cypress/tests?p=cypress\\integration\\subtract.spec.js:186:20)\n    at calcHomePage.Calculate (https://calculator-web.azurewebsites.net/__cypress/tests?p=cypress\\integration\\subtract.spec.js:194:10)\n    at Context.eval (https://calculator-web.azurewebsites.net/__cypress/tests?p=cypress\\integration\\subtract.spec.js:112:16)",
                "diff": "- '-24'\n+ '24'\n"
              },
              "uuid": "88dee42f-610f-4d94-8023-ef19d1ef7e2d",
              "parentUUID": "c0e5c00a-ad98-468d-b726-ef22fa02e49b",
              "isHook": false,
              "skipped": false
            },
            {
              "title": "EF: Subtract 1 positive and 1 negative integer",
              "fullTitle": "Subtraction EF: Subtract 1 positive and 1 negative integer",
              "timedOut": null,
              "duration": 11543,
              "state": "failed",
              "speed": null,
              "pass": false,
              "fail": true,
              "pending": false,
              "context": null,
              "code": "calcHomePg.Calculate(\"99\", \"-\", \"-1\", \"100\");",
              "err": {
                "message": "AssertionError: Timed out retrying after 10000ms: expected '<input.result>' to have value '100', but the value was '98'",
                "estack": "AssertionError: Timed out retrying after 10000ms: expected '<input.result>' to have value '100', but the value was '98'\n    at calcHomePage.checkResult (https://calculator-web.azurewebsites.net/__cypress/tests?p=cypress\\integration\\subtract.spec.js:186:20)\n    at calcHomePage.Calculate (https://calculator-web.azurewebsites.net/__cypress/tests?p=cypress\\integration\\subtract.spec.js:194:10)\n    at Context.eval (https://calculator-web.azurewebsites.net/__cypress/tests?p=cypress\\integration\\subtract.spec.js:115:16)",
                "diff": "- '98'\n+ '100'\n"
              },
              "uuid": "3134ed1f-e351-4ec9-af9f-a9f3f0340d89",
              "parentUUID": "c0e5c00a-ad98-468d-b726-ef22fa02e49b",
              "isHook": false,
              "skipped": false
            },
            {
              "title": "Subtract 1 positive integer and 0",
              "fullTitle": "Subtraction Subtract 1 positive integer and 0",
              "timedOut": null,
              "duration": 1604,
              "state": "passed",
              "speed": "slow",
              "pass": true,
              "fail": false,
              "pending": false,
              "context": null,
              "code": "calcHomePg.Calculate(\"0\", \"-\", \"123\", \"-123\");",
              "err": {},
              "uuid": "87977283-b38d-40de-9e94-bcf733b7a5fb",
              "parentUUID": "c0e5c00a-ad98-468d-b726-ef22fa02e49b",
              "isHook": false,
              "skipped": false
            },
            {
              "title": "EF: Subtract 1 negative integer and 0",
              "fullTitle": "Subtraction EF: Subtract 1 negative integer and 0",
              "timedOut": null,
              "duration": 11255,
              "state": "failed",
              "speed": null,
              "pass": false,
              "fail": true,
              "pending": false,
              "context": null,
              "code": "calcHomePg.Calculate(\"0\", \"-\", \"-89\", \"89\");",
              "err": {
                "message": "AssertionError: Timed out retrying after 10000ms: expected '<input.result>' to have value '89', but the value was '-89'",
                "estack": "AssertionError: Timed out retrying after 10000ms: expected '<input.result>' to have value '89', but the value was '-89'\n    at calcHomePage.checkResult (https://calculator-web.azurewebsites.net/__cypress/tests?p=cypress\\integration\\subtract.spec.js:186:20)\n    at calcHomePage.Calculate (https://calculator-web.azurewebsites.net/__cypress/tests?p=cypress\\integration\\subtract.spec.js:194:10)\n    at Context.eval (https://calculator-web.azurewebsites.net/__cypress/tests?p=cypress\\integration\\subtract.spec.js:121:16)",
                "diff": "- '-89'\n+ '89'\n"
              },
              "uuid": "025ec9c9-f878-4022-bd98-aabaabdea3b3",
              "parentUUID": "c0e5c00a-ad98-468d-b726-ef22fa02e49b",
              "isHook": false,
              "skipped": false
            },
            {
              "title": "EF: Subtract 2 fractions",
              "fullTitle": "Subtraction EF: Subtract 2 fractions",
              "timedOut": null,
              "duration": 11618,
              "state": "failed",
              "speed": null,
              "pass": false,
              "fail": true,
              "pending": false,
              "context": null,
              "code": "calcHomePg.Calculate(\"3/4\", \"-\", \"1/2\", \"1/4\");",
              "err": {
                "message": "AssertionError: Timed out retrying after 10000ms: expected '<input.result>' to have value '1/4', but the value was ''",
                "estack": "AssertionError: Timed out retrying after 10000ms: expected '<input.result>' to have value '1/4', but the value was ''\n    at calcHomePage.checkResult (https://calculator-web.azurewebsites.net/__cypress/tests?p=cypress\\integration\\subtract.spec.js:186:20)\n    at calcHomePage.Calculate (https://calculator-web.azurewebsites.net/__cypress/tests?p=cypress\\integration\\subtract.spec.js:194:10)\n    at Context.eval (https://calculator-web.azurewebsites.net/__cypress/tests?p=cypress\\integration\\subtract.spec.js:124:16)",
                "diff": "+ '1/4'\n"
              },
              "uuid": "de8ef743-4f1e-4ee5-88d2-0a4c619ff832",
              "parentUUID": "c0e5c00a-ad98-468d-b726-ef22fa02e49b",
              "isHook": false,
              "skipped": false
            },
            {
              "title": "EF: Subtract 2 decimals",
              "fullTitle": "Subtraction EF: Subtract 2 decimals",
              "timedOut": null,
              "duration": 11255,
              "state": "failed",
              "speed": null,
              "pass": false,
              "fail": true,
              "pending": false,
              "context": null,
              "code": "calcHomePg.Calculate(\"0.5\", \"-\", \"1.3\", \"-0.8\");",
              "err": {
                "message": "AssertionError: Timed out retrying after 10000ms: expected '<input.result>' to have value '-0.8', but the value was ''",
                "estack": "AssertionError: Timed out retrying after 10000ms: expected '<input.result>' to have value '-0.8', but the value was ''\n    at calcHomePage.checkResult (https://calculator-web.azurewebsites.net/__cypress/tests?p=cypress\\integration\\subtract.spec.js:186:20)\n    at calcHomePage.Calculate (https://calculator-web.azurewebsites.net/__cypress/tests?p=cypress\\integration\\subtract.spec.js:194:10)\n    at Context.eval (https://calculator-web.azurewebsites.net/__cypress/tests?p=cypress\\integration\\subtract.spec.js:127:16)",
                "diff": "+ '-0.8'\n"
              },
              "uuid": "4657bebf-980b-46ee-8a90-d8246e4da13e",
              "parentUUID": "c0e5c00a-ad98-468d-b726-ef22fa02e49b",
              "isHook": false,
              "skipped": false
            },
            {
              "title": "Subtract integers each 3 digits long(max input)",
              "fullTitle": "Subtraction Subtract integers each 3 digits long(max input)",
              "timedOut": null,
              "duration": 1278,
              "state": "passed",
              "speed": "slow",
              "pass": true,
              "fail": false,
              "pending": false,
              "context": null,
              "code": "calcHomePg.Calculate(\"999\", \"-\", \"999\", \"0\");",
              "err": {},
              "uuid": "c078dfe2-fba0-4ee7-beab-7f265d045a66",
              "parentUUID": "c0e5c00a-ad98-468d-b726-ef22fa02e49b",
              "isHook": false,
              "skipped": false
            },
            {
              "title": "EF: Subtract 2 exponents",
              "fullTitle": "Subtraction EF: Subtract 2 exponents",
              "timedOut": null,
              "duration": 11349,
              "state": "failed",
              "speed": null,
              "pass": false,
              "fail": true,
              "pending": false,
              "context": null,
              "code": "calcHomePg.Calculate(\"2^3\", \"-\", \"2^4\", \"-8\");",
              "err": {
                "message": "AssertionError: Timed out retrying after 10000ms: expected '<input.result>' to have value '-8', but the value was ''",
                "estack": "AssertionError: Timed out retrying after 10000ms: expected '<input.result>' to have value '-8', but the value was ''\n    at calcHomePage.checkResult (https://calculator-web.azurewebsites.net/__cypress/tests?p=cypress\\integration\\subtract.spec.js:186:20)\n    at calcHomePage.Calculate (https://calculator-web.azurewebsites.net/__cypress/tests?p=cypress\\integration\\subtract.spec.js:194:10)\n    at Context.eval (https://calculator-web.azurewebsites.net/__cypress/tests?p=cypress\\integration\\subtract.spec.js:133:16)",
                "diff": "+ '-8'\n"
              },
              "uuid": "114397db-5358-44ed-b896-9ebff3b5464a",
              "parentUUID": "c0e5c00a-ad98-468d-b726-ef22fa02e49b",
              "isHook": false,
              "skipped": false
            },
            {
              "title": "EF: Subtract 2 complex numbers",
              "fullTitle": "Subtraction EF: Subtract 2 complex numbers",
              "timedOut": null,
              "duration": 11292,
              "state": "failed",
              "speed": null,
              "pass": false,
              "fail": true,
              "pending": false,
              "context": null,
              "code": "calcHomePg.Calculate(\"3i\", \"-\", \"7\", \"3i - 7\");",
              "err": {
                "message": "AssertionError: Timed out retrying after 10000ms: expected '<input.result>' to have value '3i - 7', but the value was ''",
                "estack": "AssertionError: Timed out retrying after 10000ms: expected '<input.result>' to have value '3i - 7', but the value was ''\n    at calcHomePage.checkResult (https://calculator-web.azurewebsites.net/__cypress/tests?p=cypress\\integration\\subtract.spec.js:186:20)\n    at calcHomePage.Calculate (https://calculator-web.azurewebsites.net/__cypress/tests?p=cypress\\integration\\subtract.spec.js:194:10)\n    at Context.eval (https://calculator-web.azurewebsites.net/__cypress/tests?p=cypress\\integration\\subtract.spec.js:136:16)",
                "diff": "+ '3i - 7'\n"
              },
              "uuid": "84d114ca-4315-4316-b24d-d125187eff3e",
              "parentUUID": "c0e5c00a-ad98-468d-b726-ef22fa02e49b",
              "isHook": false,
              "skipped": false
            },
            {
              "title": "EF: Subtract 2 irrational numbers",
              "fullTitle": "Subtraction EF: Subtract 2 irrational numbers",
              "timedOut": null,
              "duration": 11600,
              "state": "failed",
              "speed": null,
              "pass": false,
              "fail": true,
              "pending": false,
              "context": null,
              "code": "calcHomePg.Calculate(\"e\", \"-\", \"π\", \"-0.42331082513\");",
              "err": {
                "message": "AssertionError: Timed out retrying after 10000ms: expected '<input.result>' to have value '-0.42331082513', but the value was ''",
                "estack": "AssertionError: Timed out retrying after 10000ms: expected '<input.result>' to have value '-0.42331082513', but the value was ''\n    at calcHomePage.checkResult (https://calculator-web.azurewebsites.net/__cypress/tests?p=cypress\\integration\\subtract.spec.js:186:20)\n    at calcHomePage.Calculate (https://calculator-web.azurewebsites.net/__cypress/tests?p=cypress\\integration\\subtract.spec.js:194:10)\n    at Context.eval (https://calculator-web.azurewebsites.net/__cypress/tests?p=cypress\\integration\\subtract.spec.js:139:16)",
                "diff": "+ '-0.42331082513'\n"
              },
              "uuid": "6c3d5920-9e81-4443-ad89-e82c35a55675",
              "parentUUID": "c0e5c00a-ad98-468d-b726-ef22fa02e49b",
              "isHook": false,
              "skipped": false
            },
            {
              "title": "EF: Subtract 2 algebraic expressions",
              "fullTitle": "Subtraction EF: Subtract 2 algebraic expressions",
              "timedOut": null,
              "duration": 11289,
              "state": "failed",
              "speed": null,
              "pass": false,
              "fail": true,
              "pending": false,
              "context": null,
              "code": "calcHomePg.Calculate(\"2x\", \"-\", \"x\", \"x\");",
              "err": {
                "message": "AssertionError: Timed out retrying after 10000ms: expected '<input.result>' to have value 'x', but the value was ''",
                "estack": "AssertionError: Timed out retrying after 10000ms: expected '<input.result>' to have value 'x', but the value was ''\n    at calcHomePage.checkResult (https://calculator-web.azurewebsites.net/__cypress/tests?p=cypress\\integration\\subtract.spec.js:186:20)\n    at calcHomePage.Calculate (https://calculator-web.azurewebsites.net/__cypress/tests?p=cypress\\integration\\subtract.spec.js:194:10)\n    at Context.eval (https://calculator-web.azurewebsites.net/__cypress/tests?p=cypress\\integration\\subtract.spec.js:142:16)",
                "diff": "+ 'x'\n"
              },
              "uuid": "8838b2c3-1b6e-4314-88f3-f438d9533906",
              "parentUUID": "c0e5c00a-ad98-468d-b726-ef22fa02e49b",
              "isHook": false,
              "skipped": false
            }
          ],
          "suites": [],
          "passes": [
            "481c18da-166b-42cf-b634-5b9d36e62afd",
            "87977283-b38d-40de-9e94-bcf733b7a5fb",
            "c078dfe2-fba0-4ee7-beab-7f265d045a66"
          ],
          "failures": [
            "88dee42f-610f-4d94-8023-ef19d1ef7e2d",
            "3134ed1f-e351-4ec9-af9f-a9f3f0340d89",
            "025ec9c9-f878-4022-bd98-aabaabdea3b3",
            "de8ef743-4f1e-4ee5-88d2-0a4c619ff832",
            "4657bebf-980b-46ee-8a90-d8246e4da13e",
            "114397db-5358-44ed-b896-9ebff3b5464a",
            "84d114ca-4315-4316-b24d-d125187eff3e",
            "6c3d5920-9e81-4443-ad89-e82c35a55675",
            "8838b2c3-1b6e-4314-88f3-f438d9533906"
          ],
          "pending": [],
          "skipped": [],
          "duration": 106955,
          "root": false,
          "rootEmpty": false,
          "_timeout": 2000
        }
      ],
      "passes": [],
      "failures": [],
      "pending": [],
      "skipped": [],
      "duration": 0,
      "root": true,
      "rootEmpty": true,
      "_timeout": 2000
    },
    {
      "uuid": "51281598-5b20-493c-acac-d1b92e17d331",
      "title": "",
      "fullFile": "cypress/integration/add.spec.js",
      "file": "cypress/integration/add.spec.js",
      "beforeHooks": [],
      "afterHooks": [],
      "tests": [],
      "suites": [
        {
          "uuid": "dc729b39-47fe-40a7-ac0d-9d7e1a8fe721",
          "title": "Addition",
          "fullFile": "",
          "file": "",
          "beforeHooks": [],
          "afterHooks": [],
          "tests": [
            {
              "title": "Add 2 positive integers but clicking and choosing the \"+\" operator dropdown",
              "fullTitle": "Addition Add 2 positive integers but clicking and choosing the \"+\" operator dropdown",
              "timedOut": null,
              "duration": 3417,
              "state": "passed",
              "speed": "slow",
              "pass": true,
              "fail": false,
              "pending": false,
              "context": null,
              "code": "calcHomePg.Calculate(\"1\", \"+\", \"2\", \"3\");",
              "err": {},
              "uuid": "74561379-c952-4a68-8e75-b0d3dd763e6e",
              "parentUUID": "dc729b39-47fe-40a7-ac0d-9d7e1a8fe721",
              "isHook": false,
              "skipped": false
            },
            {
              "title": "EF: Add 2 positive integers by leaving the default \"+\" operator dropdown",
              "fullTitle": "Addition EF: Add 2 positive integers by leaving the default \"+\" operator dropdown",
              "timedOut": null,
              "duration": 2427,
              "state": "passed",
              "speed": "slow",
              "pass": true,
              "fail": false,
              "pending": false,
              "context": null,
              "code": "calcHomePg.Calculate(\"3\", \"+\", \"4\", \"7\");",
              "err": {},
              "uuid": "f1f59281-8764-4e55-82c1-6363592b3386",
              "parentUUID": "dc729b39-47fe-40a7-ac0d-9d7e1a8fe721",
              "isHook": false,
              "skipped": false
            },
            {
              "title": "EF: Add 2 negative integers",
              "fullTitle": "Addition EF: Add 2 negative integers",
              "timedOut": null,
              "duration": 11227,
              "state": "failed",
              "speed": null,
              "pass": false,
              "fail": true,
              "pending": false,
              "context": null,
              "code": "calcHomePg.Calculate(\"-34\", \"+\", \"-58\", \"-92\");",
              "err": {
                "message": "AssertionError: Timed out retrying after 10000ms: expected '<input.result>' to have value '-92', but the value was '92'",
                "estack": "AssertionError: Timed out retrying after 10000ms: expected '<input.result>' to have value '-92', but the value was '92'\n    at calcHomePage.checkResult (https://calculator-web.azurewebsites.net/__cypress/tests?p=cypress\\integration\\add.spec.js:189:20)\n    at calcHomePage.Calculate (https://calculator-web.azurewebsites.net/__cypress/tests?p=cypress\\integration\\add.spec.js:197:10)\n    at Context.eval (https://calculator-web.azurewebsites.net/__cypress/tests?p=cypress\\integration\\add.spec.js:115:16)",
                "diff": "- '92'\n+ '-92'\n"
              },
              "uuid": "c6bf14e3-3bf1-47d5-b8f7-b129cd5675a5",
              "parentUUID": "dc729b39-47fe-40a7-ac0d-9d7e1a8fe721",
              "isHook": false,
              "skipped": false
            },
            {
              "title": "EF: Add 1 positive and 1 negative integer",
              "fullTitle": "Addition EF: Add 1 positive and 1 negative integer",
              "timedOut": null,
              "duration": 11279,
              "state": "failed",
              "speed": null,
              "pass": false,
              "fail": true,
              "pending": false,
              "context": null,
              "code": "calcHomePg.Calculate(\"99\", \"+\", \"-1\", \"98\");",
              "err": {
                "message": "AssertionError: Timed out retrying after 10000ms: expected '<input.result>' to have value '98', but the value was '100'",
                "estack": "AssertionError: Timed out retrying after 10000ms: expected '<input.result>' to have value '98', but the value was '100'\n    at calcHomePage.checkResult (https://calculator-web.azurewebsites.net/__cypress/tests?p=cypress\\integration\\add.spec.js:189:20)\n    at calcHomePage.Calculate (https://calculator-web.azurewebsites.net/__cypress/tests?p=cypress\\integration\\add.spec.js:197:10)\n    at Context.eval (https://calculator-web.azurewebsites.net/__cypress/tests?p=cypress\\integration\\add.spec.js:118:16)",
                "diff": "- '100'\n+ '98'\n"
              },
              "uuid": "bdb19d6c-e34c-4bef-b2a4-450bf30357b9",
              "parentUUID": "dc729b39-47fe-40a7-ac0d-9d7e1a8fe721",
              "isHook": false,
              "skipped": false
            },
            {
              "title": "Add 1 positive integer and 0",
              "fullTitle": "Addition Add 1 positive integer and 0",
              "timedOut": null,
              "duration": 1557,
              "state": "passed",
              "speed": "slow",
              "pass": true,
              "fail": false,
              "pending": false,
              "context": null,
              "code": "calcHomePg.Calculate(\"0\", \"+\", \"123\", \"123\");",
              "err": {},
              "uuid": "9d1831df-934f-4b24-a2f3-43f2ebaf28d0",
              "parentUUID": "dc729b39-47fe-40a7-ac0d-9d7e1a8fe721",
              "isHook": false,
              "skipped": false
            },
            {
              "title": "EF: Add 1 negative integer and 0",
              "fullTitle": "Addition EF: Add 1 negative integer and 0",
              "timedOut": null,
              "duration": 11270,
              "state": "failed",
              "speed": null,
              "pass": false,
              "fail": true,
              "pending": false,
              "context": null,
              "code": "calcHomePg.Calculate(\"0\", \"+\", \"-89\", \"-89\");",
              "err": {
                "message": "AssertionError: Timed out retrying after 10000ms: expected '<input.result>' to have value '-89', but the value was '89'",
                "estack": "AssertionError: Timed out retrying after 10000ms: expected '<input.result>' to have value '-89', but the value was '89'\n    at calcHomePage.checkResult (https://calculator-web.azurewebsites.net/__cypress/tests?p=cypress\\integration\\add.spec.js:189:20)\n    at calcHomePage.Calculate (https://calculator-web.azurewebsites.net/__cypress/tests?p=cypress\\integration\\add.spec.js:197:10)\n    at Context.eval (https://calculator-web.azurewebsites.net/__cypress/tests?p=cypress\\integration\\add.spec.js:124:16)",
                "diff": "- '89'\n+ '-89'\n"
              },
              "uuid": "0a31c6b4-fdee-4bf0-928f-5fdb4a2d6e5d",
              "parentUUID": "dc729b39-47fe-40a7-ac0d-9d7e1a8fe721",
              "isHook": false,
              "skipped": false
            },
            {
              "title": "EF: Add 2 fractions",
              "fullTitle": "Addition EF: Add 2 fractions",
              "timedOut": null,
              "duration": 11294,
              "state": "failed",
              "speed": null,
              "pass": false,
              "fail": true,
              "pending": false,
              "context": null,
              "code": "calcHomePg.Calculate(\"1/2\", \"+\", \"3/4\", \"5/4\");",
              "err": {
                "message": "AssertionError: Timed out retrying after 10000ms: expected '<input.result>' to have value '5/4', but the value was ''",
                "estack": "AssertionError: Timed out retrying after 10000ms: expected '<input.result>' to have value '5/4', but the value was ''\n    at calcHomePage.checkResult (https://calculator-web.azurewebsites.net/__cypress/tests?p=cypress\\integration\\add.spec.js:189:20)\n    at calcHomePage.Calculate (https://calculator-web.azurewebsites.net/__cypress/tests?p=cypress\\integration\\add.spec.js:197:10)\n    at Context.eval (https://calculator-web.azurewebsites.net/__cypress/tests?p=cypress\\integration\\add.spec.js:127:16)",
                "diff": "+ '5/4'\n"
              },
              "uuid": "b4dd0621-bd26-41dd-963e-df1086efa211",
              "parentUUID": "dc729b39-47fe-40a7-ac0d-9d7e1a8fe721",
              "isHook": false,
              "skipped": false
            },
            {
              "title": "EF: Add 2 decimals",
              "fullTitle": "Addition EF: Add 2 decimals",
              "timedOut": null,
              "duration": 11584,
              "state": "failed",
              "speed": null,
              "pass": false,
              "fail": true,
              "pending": false,
              "context": null,
              "code": "calcHomePg.Calculate(\"0.5\", \"+\", \"1.3\", \"1.8\");",
              "err": {
                "message": "AssertionError: Timed out retrying after 10000ms: expected '<input.result>' to have value '1.8', but the value was ''",
                "estack": "AssertionError: Timed out retrying after 10000ms: expected '<input.result>' to have value '1.8', but the value was ''\n    at calcHomePage.checkResult (https://calculator-web.azurewebsites.net/__cypress/tests?p=cypress\\integration\\add.spec.js:189:20)\n    at calcHomePage.Calculate (https://calculator-web.azurewebsites.net/__cypress/tests?p=cypress\\integration\\add.spec.js:197:10)\n    at Context.eval (https://calculator-web.azurewebsites.net/__cypress/tests?p=cypress\\integration\\add.spec.js:130:16)",
                "diff": "+ '1.8'\n"
              },
              "uuid": "bae614c8-9f87-4e1d-b55d-9b9ebab4892e",
              "parentUUID": "dc729b39-47fe-40a7-ac0d-9d7e1a8fe721",
              "isHook": false,
              "skipped": false
            },
            {
              "title": "Add 2 integers each 3 digits long(max input)",
              "fullTitle": "Addition Add 2 integers each 3 digits long(max input)",
              "timedOut": null,
              "duration": 1286,
              "state": "passed",
              "speed": "slow",
              "pass": true,
              "fail": false,
              "pending": false,
              "context": null,
              "code": "calcHomePg.Calculate(\"999\", \"+\", \"999\", \"1998\");",
              "err": {},
              "uuid": "53999c3d-2901-42f6-8ba2-fe8094fb1cf4",
              "parentUUID": "dc729b39-47fe-40a7-ac0d-9d7e1a8fe721",
              "isHook": false,
              "skipped": false
            },
            {
              "title": "EF: Add 2 exponents",
              "fullTitle": "Addition EF: Add 2 exponents",
              "timedOut": null,
              "duration": 11322,
              "state": "failed",
              "speed": null,
              "pass": false,
              "fail": true,
              "pending": false,
              "context": null,
              "code": "calcHomePg.Calculate(\"2^3\", \"+\", \"2^4\", \"24\");",
              "err": {
                "message": "AssertionError: Timed out retrying after 10000ms: expected '<input.result>' to have value '24', but the value was ''",
                "estack": "AssertionError: Timed out retrying after 10000ms: expected '<input.result>' to have value '24', but the value was ''\n    at calcHomePage.checkResult (https://calculator-web.azurewebsites.net/__cypress/tests?p=cypress\\integration\\add.spec.js:189:20)\n    at calcHomePage.Calculate (https://calculator-web.azurewebsites.net/__cypress/tests?p=cypress\\integration\\add.spec.js:197:10)\n    at Context.eval (https://calculator-web.azurewebsites.net/__cypress/tests?p=cypress\\integration\\add.spec.js:136:16)",
                "diff": "+ '24'\n"
              },
              "uuid": "fbf0d7e5-98f5-4316-bdc0-6f993bd96eb6",
              "parentUUID": "dc729b39-47fe-40a7-ac0d-9d7e1a8fe721",
              "isHook": false,
              "skipped": false
            },
            {
              "title": "EF: Add 2 complex numbers",
              "fullTitle": "Addition EF: Add 2 complex numbers",
              "timedOut": null,
              "duration": 11571,
              "state": "failed",
              "speed": null,
              "pass": false,
              "fail": true,
              "pending": false,
              "context": null,
              "code": "calcHomePg.Calculate(\"2i\", \"+\", \"3\", \"2i + 3\");",
              "err": {
                "message": "AssertionError: Timed out retrying after 10000ms: expected '<input.result>' to have value '2i + 3', but the value was ''",
                "estack": "AssertionError: Timed out retrying after 10000ms: expected '<input.result>' to have value '2i + 3', but the value was ''\n    at calcHomePage.checkResult (https://calculator-web.azurewebsites.net/__cypress/tests?p=cypress\\integration\\add.spec.js:189:20)\n    at calcHomePage.Calculate (https://calculator-web.azurewebsites.net/__cypress/tests?p=cypress\\integration\\add.spec.js:197:10)\n    at Context.eval (https://calculator-web.azurewebsites.net/__cypress/tests?p=cypress\\integration\\add.spec.js:139:16)",
                "diff": "+ '2i + 3'\n"
              },
              "uuid": "63526ace-02f2-482f-9593-76512686e13e",
              "parentUUID": "dc729b39-47fe-40a7-ac0d-9d7e1a8fe721",
              "isHook": false,
              "skipped": false
            },
            {
              "title": "EF: Add 2 irrational numbers",
              "fullTitle": "Addition EF: Add 2 irrational numbers",
              "timedOut": null,
              "duration": 11279,
              "state": "failed",
              "speed": null,
              "pass": false,
              "fail": true,
              "pending": false,
              "context": null,
              "code": "calcHomePg.Calculate(\"e\", \"+\", \"π\", \"5.85987448205\");",
              "err": {
                "message": "AssertionError: Timed out retrying after 10000ms: expected '<input.result>' to have value '5.85987448205', but the value was ''",
                "estack": "AssertionError: Timed out retrying after 10000ms: expected '<input.result>' to have value '5.85987448205', but the value was ''\n    at calcHomePage.checkResult (https://calculator-web.azurewebsites.net/__cypress/tests?p=cypress\\integration\\add.spec.js:189:20)\n    at calcHomePage.Calculate (https://calculator-web.azurewebsites.net/__cypress/tests?p=cypress\\integration\\add.spec.js:197:10)\n    at Context.eval (https://calculator-web.azurewebsites.net/__cypress/tests?p=cypress\\integration\\add.spec.js:142:16)",
                "diff": "+ '5.85987448205'\n"
              },
              "uuid": "30ad7068-10b3-44a2-970c-afb303756000",
              "parentUUID": "dc729b39-47fe-40a7-ac0d-9d7e1a8fe721",
              "isHook": false,
              "skipped": false
            },
            {
              "title": "EF: Add 2 algebraic expressions",
              "fullTitle": "Addition EF: Add 2 algebraic expressions",
              "timedOut": null,
              "duration": 11602,
              "state": "failed",
              "speed": null,
              "pass": false,
              "fail": true,
              "pending": false,
              "context": null,
              "code": "calcHomePg.Calculate(\"2x\", \"+\", \"x\", \"3x\");",
              "err": {
                "message": "AssertionError: Timed out retrying after 10000ms: expected '<input.result>' to have value '3x', but the value was ''",
                "estack": "AssertionError: Timed out retrying after 10000ms: expected '<input.result>' to have value '3x', but the value was ''\n    at calcHomePage.checkResult (https://calculator-web.azurewebsites.net/__cypress/tests?p=cypress\\integration\\add.spec.js:189:20)\n    at calcHomePage.Calculate (https://calculator-web.azurewebsites.net/__cypress/tests?p=cypress\\integration\\add.spec.js:197:10)\n    at Context.eval (https://calculator-web.azurewebsites.net/__cypress/tests?p=cypress\\integration\\add.spec.js:145:16)",
                "diff": "+ '3x'\n"
              },
              "uuid": "dbc25ac5-114c-4585-b442-c3fd2a4ae620",
              "parentUUID": "dc729b39-47fe-40a7-ac0d-9d7e1a8fe721",
              "isHook": false,
              "skipped": false
            }
          ],
          "suites": [],
          "passes": [
            "74561379-c952-4a68-8e75-b0d3dd763e6e",
            "f1f59281-8764-4e55-82c1-6363592b3386",
            "9d1831df-934f-4b24-a2f3-43f2ebaf28d0",
            "53999c3d-2901-42f6-8ba2-fe8094fb1cf4"
          ],
          "failures": [
            "c6bf14e3-3bf1-47d5-b8f7-b129cd5675a5",
            "bdb19d6c-e34c-4bef-b2a4-450bf30357b9",
            "0a31c6b4-fdee-4bf0-928f-5fdb4a2d6e5d",
            "b4dd0621-bd26-41dd-963e-df1086efa211",
            "bae614c8-9f87-4e1d-b55d-9b9ebab4892e",
            "fbf0d7e5-98f5-4316-bdc0-6f993bd96eb6",
            "63526ace-02f2-482f-9593-76512686e13e",
            "30ad7068-10b3-44a2-970c-afb303756000",
            "dbc25ac5-114c-4585-b442-c3fd2a4ae620"
          ],
          "pending": [],
          "skipped": [],
          "duration": 111115,
          "root": false,
          "rootEmpty": false,
          "_timeout": 2000
        }
      ],
      "passes": [],
      "failures": [],
      "pending": [],
      "skipped": [],
      "duration": 0,
      "root": true,
      "rootEmpty": true,
      "_timeout": 2000
    }
  ],
  "meta": {
    "mocha": {
      "version": "7.0.1"
    },
    "mochawesome": {
      "options": {
        "quiet": false,
        "reportFilename": "mochawesome",
        "saveHtml": false,
        "saveJson": true,
        "consoleReporter": "spec",
        "useInlineDiffs": false,
        "code": true
      },
      "version": "6.2.2"
    },
    "marge": {
      "options": {
        "reportDir": "cypress/results",
        "overwrite": false,
        "html": false,
        "json": true
      },
      "version": "5.2.0"
    }
  }
}