{
  "stats": {
    "suites": 1,
    "tests": 13,
    "passes": 4,
    "pending": 0,
    "failures": 9,
    "start": "2021-05-27T22:55:04.594Z",
    "end": "2021-05-27T22:56:56.067Z",
    "duration": 111473,
    "testsRegistered": 13,
    "passPercent": 30.76923076923077,
    "pendingPercent": 0,
    "other": 0,
    "hasOther": false,
    "skipped": 0,
    "hasSkipped": false
  },
  "results": [
    {
      "uuid": "51281598-5b20-493c-acac-d1b92e17d331",
      "title": "",
      "fullFile": "cypress/integration/add.spec.js",
      "file": "cypress/integration/add.spec.js",
      "beforeHooks": [],
      "afterHooks": [],
      "tests": [],
      "suites": [
        {
          "uuid": "dc729b39-47fe-40a7-ac0d-9d7e1a8fe721",
          "title": "Addition",
          "fullFile": "",
          "file": "",
          "beforeHooks": [],
          "afterHooks": [],
          "tests": [
            {
              "title": "Add 2 positive integers but clicking and choosing the \"+\" operator dropdown",
              "fullTitle": "Addition Add 2 positive integers but clicking and choosing the \"+\" operator dropdown",
              "timedOut": null,
              "duration": 3417,
              "state": "passed",
              "speed": "slow",
              "pass": true,
              "fail": false,
              "pending": false,
              "context": null,
              "code": "calcHomePg.Calculate(\"1\", \"+\", \"2\", \"3\");",
              "err": {},
              "uuid": "74561379-c952-4a68-8e75-b0d3dd763e6e",
              "parentUUID": "dc729b39-47fe-40a7-ac0d-9d7e1a8fe721",
              "isHook": false,
              "skipped": false
            },
            {
              "title": "EF: Add 2 positive integers by leaving the default \"+\" operator dropdown",
              "fullTitle": "Addition EF: Add 2 positive integers by leaving the default \"+\" operator dropdown",
              "timedOut": null,
              "duration": 2427,
              "state": "passed",
              "speed": "slow",
              "pass": true,
              "fail": false,
              "pending": false,
              "context": null,
              "code": "calcHomePg.Calculate(\"3\", \"+\", \"4\", \"7\");",
              "err": {},
              "uuid": "f1f59281-8764-4e55-82c1-6363592b3386",
              "parentUUID": "dc729b39-47fe-40a7-ac0d-9d7e1a8fe721",
              "isHook": false,
              "skipped": false
            },
            {
              "title": "EF: Add 2 negative integers",
              "fullTitle": "Addition EF: Add 2 negative integers",
              "timedOut": null,
              "duration": 11227,
              "state": "failed",
              "speed": null,
              "pass": false,
              "fail": true,
              "pending": false,
              "context": null,
              "code": "calcHomePg.Calculate(\"-34\", \"+\", \"-58\", \"-92\");",
              "err": {
                "message": "AssertionError: Timed out retrying after 10000ms: expected '<input.result>' to have value '-92', but the value was '92'",
                "estack": "AssertionError: Timed out retrying after 10000ms: expected '<input.result>' to have value '-92', but the value was '92'\n    at calcHomePage.checkResult (https://calculator-web.azurewebsites.net/__cypress/tests?p=cypress\\integration\\add.spec.js:189:20)\n    at calcHomePage.Calculate (https://calculator-web.azurewebsites.net/__cypress/tests?p=cypress\\integration\\add.spec.js:197:10)\n    at Context.eval (https://calculator-web.azurewebsites.net/__cypress/tests?p=cypress\\integration\\add.spec.js:115:16)",
                "diff": "- '92'\n+ '-92'\n"
              },
              "uuid": "c6bf14e3-3bf1-47d5-b8f7-b129cd5675a5",
              "parentUUID": "dc729b39-47fe-40a7-ac0d-9d7e1a8fe721",
              "isHook": false,
              "skipped": false
            },
            {
              "title": "EF: Add 1 positive and 1 negative integer",
              "fullTitle": "Addition EF: Add 1 positive and 1 negative integer",
              "timedOut": null,
              "duration": 11279,
              "state": "failed",
              "speed": null,
              "pass": false,
              "fail": true,
              "pending": false,
              "context": null,
              "code": "calcHomePg.Calculate(\"99\", \"+\", \"-1\", \"98\");",
              "err": {
                "message": "AssertionError: Timed out retrying after 10000ms: expected '<input.result>' to have value '98', but the value was '100'",
                "estack": "AssertionError: Timed out retrying after 10000ms: expected '<input.result>' to have value '98', but the value was '100'\n    at calcHomePage.checkResult (https://calculator-web.azurewebsites.net/__cypress/tests?p=cypress\\integration\\add.spec.js:189:20)\n    at calcHomePage.Calculate (https://calculator-web.azurewebsites.net/__cypress/tests?p=cypress\\integration\\add.spec.js:197:10)\n    at Context.eval (https://calculator-web.azurewebsites.net/__cypress/tests?p=cypress\\integration\\add.spec.js:118:16)",
                "diff": "- '100'\n+ '98'\n"
              },
              "uuid": "bdb19d6c-e34c-4bef-b2a4-450bf30357b9",
              "parentUUID": "dc729b39-47fe-40a7-ac0d-9d7e1a8fe721",
              "isHook": false,
              "skipped": false
            },
            {
              "title": "Add 1 positive integer and 0",
              "fullTitle": "Addition Add 1 positive integer and 0",
              "timedOut": null,
              "duration": 1557,
              "state": "passed",
              "speed": "slow",
              "pass": true,
              "fail": false,
              "pending": false,
              "context": null,
              "code": "calcHomePg.Calculate(\"0\", \"+\", \"123\", \"123\");",
              "err": {},
              "uuid": "9d1831df-934f-4b24-a2f3-43f2ebaf28d0",
              "parentUUID": "dc729b39-47fe-40a7-ac0d-9d7e1a8fe721",
              "isHook": false,
              "skipped": false
            },
            {
              "title": "EF: Add 1 negative integer and 0",
              "fullTitle": "Addition EF: Add 1 negative integer and 0",
              "timedOut": null,
              "duration": 11270,
              "state": "failed",
              "speed": null,
              "pass": false,
              "fail": true,
              "pending": false,
              "context": null,
              "code": "calcHomePg.Calculate(\"0\", \"+\", \"-89\", \"-89\");",
              "err": {
                "message": "AssertionError: Timed out retrying after 10000ms: expected '<input.result>' to have value '-89', but the value was '89'",
                "estack": "AssertionError: Timed out retrying after 10000ms: expected '<input.result>' to have value '-89', but the value was '89'\n    at calcHomePage.checkResult (https://calculator-web.azurewebsites.net/__cypress/tests?p=cypress\\integration\\add.spec.js:189:20)\n    at calcHomePage.Calculate (https://calculator-web.azurewebsites.net/__cypress/tests?p=cypress\\integration\\add.spec.js:197:10)\n    at Context.eval (https://calculator-web.azurewebsites.net/__cypress/tests?p=cypress\\integration\\add.spec.js:124:16)",
                "diff": "- '89'\n+ '-89'\n"
              },
              "uuid": "0a31c6b4-fdee-4bf0-928f-5fdb4a2d6e5d",
              "parentUUID": "dc729b39-47fe-40a7-ac0d-9d7e1a8fe721",
              "isHook": false,
              "skipped": false
            },
            {
              "title": "EF: Add 2 fractions",
              "fullTitle": "Addition EF: Add 2 fractions",
              "timedOut": null,
              "duration": 11294,
              "state": "failed",
              "speed": null,
              "pass": false,
              "fail": true,
              "pending": false,
              "context": null,
              "code": "calcHomePg.Calculate(\"1/2\", \"+\", \"3/4\", \"5/4\");",
              "err": {
                "message": "AssertionError: Timed out retrying after 10000ms: expected '<input.result>' to have value '5/4', but the value was ''",
                "estack": "AssertionError: Timed out retrying after 10000ms: expected '<input.result>' to have value '5/4', but the value was ''\n    at calcHomePage.checkResult (https://calculator-web.azurewebsites.net/__cypress/tests?p=cypress\\integration\\add.spec.js:189:20)\n    at calcHomePage.Calculate (https://calculator-web.azurewebsites.net/__cypress/tests?p=cypress\\integration\\add.spec.js:197:10)\n    at Context.eval (https://calculator-web.azurewebsites.net/__cypress/tests?p=cypress\\integration\\add.spec.js:127:16)",
                "diff": "+ '5/4'\n"
              },
              "uuid": "b4dd0621-bd26-41dd-963e-df1086efa211",
              "parentUUID": "dc729b39-47fe-40a7-ac0d-9d7e1a8fe721",
              "isHook": false,
              "skipped": false
            },
            {
              "title": "EF: Add 2 decimals",
              "fullTitle": "Addition EF: Add 2 decimals",
              "timedOut": null,
              "duration": 11584,
              "state": "failed",
              "speed": null,
              "pass": false,
              "fail": true,
              "pending": false,
              "context": null,
              "code": "calcHomePg.Calculate(\"0.5\", \"+\", \"1.3\", \"1.8\");",
              "err": {
                "message": "AssertionError: Timed out retrying after 10000ms: expected '<input.result>' to have value '1.8', but the value was ''",
                "estack": "AssertionError: Timed out retrying after 10000ms: expected '<input.result>' to have value '1.8', but the value was ''\n    at calcHomePage.checkResult (https://calculator-web.azurewebsites.net/__cypress/tests?p=cypress\\integration\\add.spec.js:189:20)\n    at calcHomePage.Calculate (https://calculator-web.azurewebsites.net/__cypress/tests?p=cypress\\integration\\add.spec.js:197:10)\n    at Context.eval (https://calculator-web.azurewebsites.net/__cypress/tests?p=cypress\\integration\\add.spec.js:130:16)",
                "diff": "+ '1.8'\n"
              },
              "uuid": "bae614c8-9f87-4e1d-b55d-9b9ebab4892e",
              "parentUUID": "dc729b39-47fe-40a7-ac0d-9d7e1a8fe721",
              "isHook": false,
              "skipped": false
            },
            {
              "title": "Add 2 integers each 3 digits long(max input)",
              "fullTitle": "Addition Add 2 integers each 3 digits long(max input)",
              "timedOut": null,
              "duration": 1286,
              "state": "passed",
              "speed": "slow",
              "pass": true,
              "fail": false,
              "pending": false,
              "context": null,
              "code": "calcHomePg.Calculate(\"999\", \"+\", \"999\", \"1998\");",
              "err": {},
              "uuid": "53999c3d-2901-42f6-8ba2-fe8094fb1cf4",
              "parentUUID": "dc729b39-47fe-40a7-ac0d-9d7e1a8fe721",
              "isHook": false,
              "skipped": false
            },
            {
              "title": "EF: Add 2 exponents",
              "fullTitle": "Addition EF: Add 2 exponents",
              "timedOut": null,
              "duration": 11322,
              "state": "failed",
              "speed": null,
              "pass": false,
              "fail": true,
              "pending": false,
              "context": null,
              "code": "calcHomePg.Calculate(\"2^3\", \"+\", \"2^4\", \"24\");",
              "err": {
                "message": "AssertionError: Timed out retrying after 10000ms: expected '<input.result>' to have value '24', but the value was ''",
                "estack": "AssertionError: Timed out retrying after 10000ms: expected '<input.result>' to have value '24', but the value was ''\n    at calcHomePage.checkResult (https://calculator-web.azurewebsites.net/__cypress/tests?p=cypress\\integration\\add.spec.js:189:20)\n    at calcHomePage.Calculate (https://calculator-web.azurewebsites.net/__cypress/tests?p=cypress\\integration\\add.spec.js:197:10)\n    at Context.eval (https://calculator-web.azurewebsites.net/__cypress/tests?p=cypress\\integration\\add.spec.js:136:16)",
                "diff": "+ '24'\n"
              },
              "uuid": "fbf0d7e5-98f5-4316-bdc0-6f993bd96eb6",
              "parentUUID": "dc729b39-47fe-40a7-ac0d-9d7e1a8fe721",
              "isHook": false,
              "skipped": false
            },
            {
              "title": "EF: Add 2 complex numbers",
              "fullTitle": "Addition EF: Add 2 complex numbers",
              "timedOut": null,
              "duration": 11571,
              "state": "failed",
              "speed": null,
              "pass": false,
              "fail": true,
              "pending": false,
              "context": null,
              "code": "calcHomePg.Calculate(\"2i\", \"+\", \"3\", \"2i + 3\");",
              "err": {
                "message": "AssertionError: Timed out retrying after 10000ms: expected '<input.result>' to have value '2i + 3', but the value was ''",
                "estack": "AssertionError: Timed out retrying after 10000ms: expected '<input.result>' to have value '2i + 3', but the value was ''\n    at calcHomePage.checkResult (https://calculator-web.azurewebsites.net/__cypress/tests?p=cypress\\integration\\add.spec.js:189:20)\n    at calcHomePage.Calculate (https://calculator-web.azurewebsites.net/__cypress/tests?p=cypress\\integration\\add.spec.js:197:10)\n    at Context.eval (https://calculator-web.azurewebsites.net/__cypress/tests?p=cypress\\integration\\add.spec.js:139:16)",
                "diff": "+ '2i + 3'\n"
              },
              "uuid": "63526ace-02f2-482f-9593-76512686e13e",
              "parentUUID": "dc729b39-47fe-40a7-ac0d-9d7e1a8fe721",
              "isHook": false,
              "skipped": false
            },
            {
              "title": "EF: Add 2 irrational numbers",
              "fullTitle": "Addition EF: Add 2 irrational numbers",
              "timedOut": null,
              "duration": 11279,
              "state": "failed",
              "speed": null,
              "pass": false,
              "fail": true,
              "pending": false,
              "context": null,
              "code": "calcHomePg.Calculate(\"e\", \"+\", \"π\", \"5.85987448205\");",
              "err": {
                "message": "AssertionError: Timed out retrying after 10000ms: expected '<input.result>' to have value '5.85987448205', but the value was ''",
                "estack": "AssertionError: Timed out retrying after 10000ms: expected '<input.result>' to have value '5.85987448205', but the value was ''\n    at calcHomePage.checkResult (https://calculator-web.azurewebsites.net/__cypress/tests?p=cypress\\integration\\add.spec.js:189:20)\n    at calcHomePage.Calculate (https://calculator-web.azurewebsites.net/__cypress/tests?p=cypress\\integration\\add.spec.js:197:10)\n    at Context.eval (https://calculator-web.azurewebsites.net/__cypress/tests?p=cypress\\integration\\add.spec.js:142:16)",
                "diff": "+ '5.85987448205'\n"
              },
              "uuid": "30ad7068-10b3-44a2-970c-afb303756000",
              "parentUUID": "dc729b39-47fe-40a7-ac0d-9d7e1a8fe721",
              "isHook": false,
              "skipped": false
            },
            {
              "title": "EF: Add 2 algebraic expressions",
              "fullTitle": "Addition EF: Add 2 algebraic expressions",
              "timedOut": null,
              "duration": 11602,
              "state": "failed",
              "speed": null,
              "pass": false,
              "fail": true,
              "pending": false,
              "context": null,
              "code": "calcHomePg.Calculate(\"2x\", \"+\", \"x\", \"3x\");",
              "err": {
                "message": "AssertionError: Timed out retrying after 10000ms: expected '<input.result>' to have value '3x', but the value was ''",
                "estack": "AssertionError: Timed out retrying after 10000ms: expected '<input.result>' to have value '3x', but the value was ''\n    at calcHomePage.checkResult (https://calculator-web.azurewebsites.net/__cypress/tests?p=cypress\\integration\\add.spec.js:189:20)\n    at calcHomePage.Calculate (https://calculator-web.azurewebsites.net/__cypress/tests?p=cypress\\integration\\add.spec.js:197:10)\n    at Context.eval (https://calculator-web.azurewebsites.net/__cypress/tests?p=cypress\\integration\\add.spec.js:145:16)",
                "diff": "+ '3x'\n"
              },
              "uuid": "dbc25ac5-114c-4585-b442-c3fd2a4ae620",
              "parentUUID": "dc729b39-47fe-40a7-ac0d-9d7e1a8fe721",
              "isHook": false,
              "skipped": false
            }
          ],
          "suites": [],
          "passes": [
            "74561379-c952-4a68-8e75-b0d3dd763e6e",
            "f1f59281-8764-4e55-82c1-6363592b3386",
            "9d1831df-934f-4b24-a2f3-43f2ebaf28d0",
            "53999c3d-2901-42f6-8ba2-fe8094fb1cf4"
          ],
          "failures": [
            "c6bf14e3-3bf1-47d5-b8f7-b129cd5675a5",
            "bdb19d6c-e34c-4bef-b2a4-450bf30357b9",
            "0a31c6b4-fdee-4bf0-928f-5fdb4a2d6e5d",
            "b4dd0621-bd26-41dd-963e-df1086efa211",
            "bae614c8-9f87-4e1d-b55d-9b9ebab4892e",
            "fbf0d7e5-98f5-4316-bdc0-6f993bd96eb6",
            "63526ace-02f2-482f-9593-76512686e13e",
            "30ad7068-10b3-44a2-970c-afb303756000",
            "dbc25ac5-114c-4585-b442-c3fd2a4ae620"
          ],
          "pending": [],
          "skipped": [],
          "duration": 111115,
          "root": false,
          "rootEmpty": false,
          "_timeout": 2000
        }
      ],
      "passes": [],
      "failures": [],
      "pending": [],
      "skipped": [],
      "duration": 0,
      "root": true,
      "rootEmpty": true,
      "_timeout": 2000
    }
  ],
  "meta": {
    "mocha": {
      "version": "7.0.1"
    },
    "mochawesome": {
      "options": {
        "quiet": false,
        "reportFilename": "mochawesome",
        "saveHtml": false,
        "saveJson": true,
        "consoleReporter": "spec",
        "useInlineDiffs": false,
        "code": true
      },
      "version": "6.2.2"
    },
    "marge": {
      "options": {
        "reportDir": "cypress/results",
        "overwrite": false,
        "html": false,
        "json": true
      },
      "version": "5.2.0"
    }
  }
}